<?xml version="1.0" encoding="UTF-8"?>
<testsuite name="com.example.search_tree_app.BSTTest" tests="2" skipped="0" failures="0" errors="0" timestamp="2025-08-16T00:01:30.375Z" hostname="MORRISON" time="0.016">
  <properties/>
  <testcase name="insert_and_inorder_should_sort_values()" classname="com.example.search_tree_app.BSTTest" time="0.014"/>
  <testcase name="preorder_should_match_expected_shape()" classname="com.example.search_tree_app.BSTTest" time="0.0"/>
  <system-out><![CDATA[]]></system-out>
  <system-err><![CDATA[]]></system-err>
</testsuite>
